2019-04-11 02:18:27,033 INFO org.springframework.boot.StartupInfoLogger [main] Starting EcommerceApplication on DESKTOP-JB2MQ3A with PID 5320 (C:\Users\HAA\git\ecommerce\ecommerce\target\classes started by HAA in C:\Users\HAA\git\ecommerce\ecommerce)
2019-04-11 02:18:27,037 INFO org.springframework.boot.SpringApplication [main] No active profile set, falling back to default profiles: default
2019-04-11 02:18:28,230 INFO org.springframework.data.repository.config.RepositoryConfigurationDelegate [main] Bootstrapping Spring Data repositories in DEFAULT mode.
2019-04-11 02:18:28,356 INFO org.springframework.data.repository.config.RepositoryConfigurationDelegate [main] Finished Spring Data repository scanning in 114ms. Found 3 repository interfaces.
2019-04-11 02:18:28,793 INFO org.springframework.context.support.PostProcessorRegistrationDelegate$BeanPostProcessorChecker [main] Bean 'org.springframework.transaction.annotation.ProxyTransactionManagementConfiguration' of type [org.springframework.transaction.annotation.ProxyTransactionManagementConfiguration$$EnhancerBySpringCGLIB$$cd9f6485] is not eligible for getting processed by all BeanPostProcessors (for example: not eligible for auto-proxying)
2019-04-11 02:18:29,227 INFO org.springframework.boot.web.embedded.tomcat.TomcatWebServer [main] Tomcat initialized with port(s): 8080 (http)
2019-04-11 02:18:29,252 INFO org.apache.juli.logging.DirectJDKLog [main] Initializing ProtocolHandler ["http-nio-8080"]
2019-04-11 02:18:29,262 INFO org.apache.juli.logging.DirectJDKLog [main] Starting service [Tomcat]
2019-04-11 02:18:29,266 INFO org.apache.juli.logging.DirectJDKLog [main] Starting Servlet engine: [Apache Tomcat/9.0.17]
2019-04-11 02:18:29,612 INFO org.apache.juli.logging.DirectJDKLog [main] At least one JAR was scanned for TLDs yet contained no TLDs. Enable debug logging for this logger for a complete list of JARs that were scanned but no TLDs were found in them. Skipping unneeded JARs during scanning can improve startup time and JSP compilation time.
2019-04-11 02:18:29,619 INFO org.apache.juli.logging.DirectJDKLog [main] Initializing Spring embedded WebApplicationContext
2019-04-11 02:18:29,619 INFO org.springframework.boot.web.servlet.context.ServletWebServerApplicationContext [main] Root WebApplicationContext: initialization completed in 2441 ms
2019-04-11 02:18:29,881 INFO com.zaxxer.hikari.HikariDataSource [main] HikariPool-1 - Starting...
2019-04-11 02:18:30,047 INFO com.zaxxer.hikari.HikariDataSource [main] HikariPool-1 - Start completed.
2019-04-11 02:18:30,280 INFO org.hibernate.jpa.internal.util.LogHelper [main] HHH000204: Processing PersistenceUnitInfo [
	name: default
	...]
2019-04-11 02:18:30,385 INFO org.hibernate.Version [main] HHH000412: Hibernate Core {5.3.9.Final}
2019-04-11 02:18:30,391 INFO org.hibernate.cfg.Environment [main] HHH000206: hibernate.properties not found
2019-04-11 02:18:30,576 INFO org.hibernate.annotations.common.reflection.java.JavaReflectionManager [main] HCANN000001: Hibernate Commons Annotations {5.0.4.Final}
2019-04-11 02:18:31,023 INFO org.hibernate.dialect.Dialect [main] HHH000400: Using dialect: org.hibernate.dialect.MySQL5Dialect
2019-04-11 02:18:31,789 INFO org.springframework.orm.jpa.AbstractEntityManagerFactoryBean [main] Initialized JPA EntityManagerFactory for persistence unit 'default'
2019-04-11 02:18:32,619 INFO org.springframework.scheduling.concurrent.ExecutorConfigurationSupport [main] Initializing ExecutorService 'applicationTaskExecutor'
2019-04-11 02:18:32,658 WARN org.springframework.boot.autoconfigure.orm.jpa.JpaBaseConfiguration$JpaWebConfiguration$JpaWebMvcConfiguration [main] spring.jpa.open-in-view is enabled by default. Therefore, database queries may be performed during view rendering. Explicitly configure spring.jpa.open-in-view to disable this warning
2019-04-11 02:18:32,736 INFO org.springframework.boot.autoconfigure.web.servlet.WelcomePageHandlerMapping [main] Adding welcome page template: index
2019-04-11 02:18:32,915 INFO org.apache.juli.logging.DirectJDKLog [main] Starting ProtocolHandler ["http-nio-8080"]
2019-04-11 02:18:32,954 INFO org.springframework.boot.web.embedded.tomcat.TomcatWebServer [main] Tomcat started on port(s): 8080 (http) with context path ''
2019-04-11 02:18:32,956 INFO org.springframework.boot.StartupInfoLogger [main] Started EcommerceApplication in 6.581 seconds (JVM running for 7.769)
2019-04-11 02:18:41,431 INFO org.apache.juli.logging.DirectJDKLog [http-nio-8080-exec-10] Initializing Spring DispatcherServlet 'dispatcherServlet'
2019-04-11 02:18:41,433 INFO org.springframework.web.servlet.FrameworkServlet [http-nio-8080-exec-10] Initializing Servlet 'dispatcherServlet'
2019-04-11 02:18:41,448 INFO org.springframework.web.servlet.FrameworkServlet [http-nio-8080-exec-10] Completed initialization in 14 ms
2019-04-11 02:28:55,330 INFO org.springframework.boot.admin.SpringApplicationAdminMXBeanRegistrar$SpringApplicationAdmin [RMI TCP Connection(17)-127.0.0.1] Application shutdown requested.
2019-04-11 02:28:55,339 INFO org.springframework.scheduling.concurrent.ExecutorConfigurationSupport [RMI TCP Connection(17)-127.0.0.1] Shutting down ExecutorService 'applicationTaskExecutor'
2019-04-11 02:28:55,345 INFO org.springframework.orm.jpa.AbstractEntityManagerFactoryBean [RMI TCP Connection(17)-127.0.0.1] Closing JPA EntityManagerFactory for persistence unit 'default'
2019-04-11 02:28:55,351 INFO com.zaxxer.hikari.HikariDataSource [RMI TCP Connection(17)-127.0.0.1] HikariPool-1 - Shutdown initiated...
2019-04-11 02:28:55,367 INFO com.zaxxer.hikari.HikariDataSource [RMI TCP Connection(17)-127.0.0.1] HikariPool-1 - Shutdown completed.
